AutoDock Vina v1.2.5
#################################################################
# If you used AutoDock Vina in your work, please cite:          #
#                                                               #
# J. Eberhardt, D. Santos-Martins, A. F. Tillack, and S. Forli  #
# AutoDock Vina 1.2.0: New Docking Methods, Expanded Force      #
# Field, and Python Bindings, J. Chem. Inf. Model. (2021)       #
# DOI 10.1021/acs.jcim.1c00203                                  #
#                                                               #
# O. Trott, A. J. Olson,                                        #
# AutoDock Vina: improving the speed and accuracy of docking    #
# with a new scoring function, efficient optimization and       #
# multithreading, J. Comp. Chem. (2010)                         #
# DOI 10.1002/jcc.21334                                         #
#                                                               #
# Please see https://github.com/ccsb-scripps/AutoDock-Vina for  #
# more information.                                             #
#################################################################

Scoring function : vina
Rigid receptor: /mnt/d/salidock/backend/Database/c4a4ae18-b234-4c4b-ac19-3f0bfef4f24b/protein_prepared.pdbqt
Ligand: /mnt/d/salidock/backend/Database/c4a4ae18-b234-4c4b-ac19-3f0bfef4f24b/ligand_prepared.pdbqt
Grid center: X -26.352 Y 12.6 Z 58.908
Grid size  : X 20 Y 20 Z 20
Grid space : 0.375
Exhaustiveness: 10
CPU: 0
Verbosity: 1

Computing Vina grid ... done.
WARNING: At low exhaustiveness, it may be impossible to utilize all CPUs.
Performing docking (random seed: 536695628) ... 
0%   10   20   30   40   50   60   70   80   90   100%
|----|----|----|----|----|----|----|----|----|----|
***************************************************

mode |   affinity | dist from best mode
     | (kcal/mol) | rmsd l.b.| rmsd u.b.
-----+------------+----------+----------
   1       -5.409          0          0
   2       -5.142      2.001      2.701
   3       -5.013      2.136      3.822
   4       -4.855      2.923      4.273
   5       -4.849      1.086      3.239
   6       -4.751      2.039      3.211
   7       -4.533      1.977      3.649
   8       -4.432      2.008      3.869
   9       -4.303      2.686      4.267
