AutoDock Vina v1.2.5
#################################################################
# If you used AutoDock Vina in your work, please cite:          #
#                                                               #
# J. Eberhardt, D. Santos-Martins, A. F. Tillack, and S. Forli  #
# AutoDock Vina 1.2.0: New Docking Methods, Expanded Force      #
# Field, and Python Bindings, J. Chem. Inf. Model. (2021)       #
# DOI 10.1021/acs.jcim.1c00203                                  #
#                                                               #
# O. Trott, A. J. Olson,                                        #
# AutoDock Vina: improving the speed and accuracy of docking    #
# with a new scoring function, efficient optimization and       #
# multithreading, J. Comp. Chem. (2010)                         #
# DOI 10.1002/jcc.21334                                         #
#                                                               #
# Please see https://github.com/ccsb-scripps/AutoDock-Vina for  #
# more information.                                             #
#################################################################

Scoring function : vina
Rigid receptor: /mnt/d/salidock/backend/Database/ebb73835-8b7c-4081-bc93-cf5f967668ea/protein_prepared.pdbqt
Ligand: /mnt/d/salidock/backend/Database/ebb73835-8b7c-4081-bc93-cf5f967668ea/ligand_prepared.pdbqt
Grid center: X -39.163 Y 5.231 Z 57.374
Grid size  : X 24.211 Y 25.033 Z 25.052
Grid space : 0.375
Exhaustiveness: 10
CPU: 0
Verbosity: 1

Computing Vina grid ... done.
WARNING: At low exhaustiveness, it may be impossible to utilize all CPUs.
Performing docking (random seed: -1468580616) ... 
0%   10   20   30   40   50   60   70   80   90   100%
|----|----|----|----|----|----|----|----|----|----|
***************************************************

mode |   affinity | dist from best mode
     | (kcal/mol) | rmsd l.b.| rmsd u.b.
-----+------------+----------+----------
   1       -5.414          0          0
   2       -5.107      2.099      3.821
   3       -5.086       1.97       3.59
   4       -5.071      2.239      2.916
   5       -4.783      1.705      2.075
   6       -4.542      1.862      3.916
   7       -4.386       1.83      3.959
   8       -4.358      1.963      2.428
   9       -4.146      1.648      2.298
