AutoDock Vina v1.2.5
#################################################################
# If you used AutoDock Vina in your work, please cite:          #
#                                                               #
# J. Eberhardt, D. Santos-Martins, A. F. Tillack, and S. Forli  #
# AutoDock Vina 1.2.0: New Docking Methods, Expanded Force      #
# Field, and Python Bindings, J. Chem. Inf. Model. (2021)       #
# DOI 10.1021/acs.jcim.1c00203                                  #
#                                                               #
# O. Trott, A. J. Olson,                                        #
# AutoDock Vina: improving the speed and accuracy of docking    #
# with a new scoring function, efficient optimization and       #
# multithreading, J. Comp. Chem. (2010)                         #
# DOI 10.1002/jcc.21334                                         #
#                                                               #
# Please see https://github.com/ccsb-scripps/AutoDock-Vina for  #
# more information.                                             #
#################################################################

Scoring function : vina
Rigid receptor: /mnt/d/salidock/backend/Database/0757ef25-307f-4f4f-900b-ea20fe91eabf/protein_prepared.pdbqt
Ligand: /mnt/d/salidock/backend/Database/0757ef25-307f-4f4f-900b-ea20fe91eabf/ligand_prepared.pdbqt
Grid center: X 7.35 Y 5.318 Z -24.061
Grid size  : X 26.001 Y 28.698 Z 26.002
Grid space : 0.375
Exhaustiveness: 10
CPU: 0
Verbosity: 1

Computing Vina grid ... done.
WARNING: At low exhaustiveness, it may be impossible to utilize all CPUs.
Performing docking (random seed: -489484529) ... 
0%   10   20   30   40   50   60   70   80   90   100%
|----|----|----|----|----|----|----|----|----|----|
***************************************************

mode |   affinity | dist from best mode
     | (kcal/mol) | rmsd l.b.| rmsd u.b.
-----+------------+----------+----------
   1       -6.678          0          0
   2        -5.96      4.236      6.799
   3       -5.878      2.255      2.829
   4        -5.84      2.126      2.665
   5       -5.784      20.91      22.52
   6       -5.774      14.09      15.82
   7       -5.432      15.28      16.73
   8       -5.426      16.35      18.03
   9       -5.403      15.74      17.46
