[INFO] Console - predicting pockets for proteins from dataset [protein_for_cavity_detection.pdb]
[INFO] PredictPocketsRoutine - outdir: /mnt/d/salidock/backend/Database/0757ef25-307f-4f4f-900b-ea20fe91eabf
[INFO] FeatureSetup - enabledFeatures: [chem, volsite, protrusion, bfactor, atom_table]
[INFO] Dataset - processing dataset [protein_for_cavity_detection.pdb] using 0 threads
[INFO] Dataset - 
------------------------------------------------------------------------------------------------------------------------
processing [protein_for_cavity_detection.pdb] (1/1)
------------------------------------------------------------------------------------------------------------------------

[INFO] Console - processing [protein_for_cavity_detection.pdb] (1/1)
[INFO] Protein - loading protein [/mnt/d/salidock/backend/Database/0757ef25-307f-4f4f-900b-ea20fe91eabf/protein_for_cavity_detection.pdb]
[INFO] PdbUtils - loading file [/mnt/d/salidock/backend/Database/0757ef25-307f-4f4f-900b-ea20fe91eabf/protein_for_cavity_detection.pdb]
[INFO] Struct - all groups in chain A: 1573
[INFO] Struct - all groups in chain A: 1573
[INFO] Struct - 1573 groups in chain A
[WARN] Residues - Multiple residues with same label! [A_1,A_2,A_3,A_4,A_5,A_6,A_7,A_8,A_9,A_10,A_11,A_12,A_13,A_14,A_15,A_16,A_17,A_18,A_19,A_20,A_21,A_22,A_23,A_24,A_25,A_26,A_27,A_28,A_29,A_30,A_31,A_32,A_33,A_34,A_35,A_36,A_37,A_38,A_39,A_40,A_41,A_42,A_43,A_44,A_45,A_46,A_47,A_48,A_49,A_50,A_51,A_52,A_53,A_54,A_55,A_56,A_57,A_58,A_59,A_60,A_61,A_62,A_63,A_64,A_65,A_66,A_67,A_68,A_69,A_70,A_71,A_72,A_73,A_74,A_75,A_76,A_77,A_78,A_79,A_80,A_81,A_82,A_83,A_85,A_86,A_87,A_88,A_89,A_90,A_91,A_92,A_93,A_94,A_95,A_96,A_97,A_98,A_99,A_100,A_101,A_102,A_103,A_104,A_105,A_106,A_107,A_108,A_109,A_110,A_111,A_112,A_113,A_114,A_115,A_116,A_117,A_118,A_119,A_120,A_121,A_122,A_123,A_124,A_125,A_126,A_127,A_128,A_129,A_130,A_131,A_132,A_133,A_134,A_136,A_137,A_139,A_140,A_141,A_142,A_143,A_144,A_145,A_147,A_148,A_149,A_150,A_151,A_152,A_153,A_154,A_155,A_156,A_157,A_158,A_159,A_160,A_161,A_162,A_163,A_164,A_165,A_166,A_167,A_168,A_169,A_170,A_171,A_172,A_173,A_174,A_175,A_176,A_177,A_179,A_180,A_181,A_182,A_183,A_184,A_185,A_186,A_187,A_188,A_189,A_190,A_191,A_192,A_193,A_194,A_195,A_196,A_197,A_198,A_199,A_200,A_201,A_202,A_203,A_204,A_205,A_206,A_207,A_208,A_209,A_210,A_211,A_212,A_213,A_214,A_215,A_216,A_217,A_218,A_219,A_220,A_221,A_222,A_223,A_224,A_225,A_226,A_227,A_228,A_229,A_230,A_231,A_232,A_233,A_234,A_236,A_237,A_238,A_239,A_240,A_241,A_242,A_243,A_244,A_245,A_246,A_247,A_248,A_249,A_250,A_251,A_252,A_254,A_255,A_256,A_257,A_259,A_260,A_261,A_262,A_264,A_265,A_266,A_267,A_268,A_269,A_270,A_271,A_272,A_273,A_274,A_275,A_276,A_277,A_278,A_279,A_280,A_281,A_282,A_283,A_285,A_286,A_287,A_288,A_290,A_291,A_292,A_293,A_294,A_295,A_296,A_297,A_298,A_299,A_300,A_301,A_302,A_303,A_304,A_305,A_306,A_307,A_308,A_309,A_310,A_311,A_312,A_313,A_314,A_315,A_316,A_317,A_318,A_319,A_320,A_322,A_323,A_324,A_325,A_326,A_327,A_328,A_329,A_330,A_331,A_332,A_333,A_334,A_335,A_337,A_338,A_339,A_340,A_341,A_342,A_343,A_344,A_345,A_347,A_348,A_349,A_350,A_351,A_352,A_353,A_354,A_355,A_356,A_357,A_358,A_359,A_360,A_361,A_362,A_363,A_364,A_365,A_366,A_367,A_368,A_369,A_370,A_371,A_372,A_373,A_374,A_375,A_376,A_377,A_378,A_379,A_380,A_381,A_382,A_383,A_384,A_385,A_386,A_387,A_388,A_390,A_391,A_392,A_393,A_394,A_395,A_396,A_397,A_398,A_399,A_400,A_401,A_402,A_403,A_404,A_405,A_406,A_407,A_408,A_409,A_410,A_411,A_412,A_413,A_414,A_416,A_417,A_418,A_419,A_420,A_421,A_422,A_423,A_424,A_425,A_427,A_428,A_429,A_430,A_431,A_432,A_433,A_434,A_435,A_436,A_437,A_438,A_439,A_440,A_441,A_442,A_443,A_444,A_445,A_446,A_447,A_448,A_449,A_450,A_452,A_453,A_454,A_455,A_456,A_457,A_458,A_459,A_460,A_461,A_462,A_463,A_464,A_465,A_466,A_467,A_468,A_470,A_471,A_472,A_473,A_474,A_475,A_476,A_477,A_478,A_479,A_480,A_481,A_482,A_483,A_484,A_485,A_486,A_487,A_488,A_489,A_491,A_493,A_494,A_495,A_496,A_497,A_498,A_499,A_501,A_502,A_503,A_504,A_505,A_506,A_507,A_508,A_509,A_510,A_511,A_512,A_513,A_514,A_515,A_516,A_517,A_518,A_519,A_520,A_521,A_522,A_523,A_524,A_525,A_526,A_527,A_528,A_529,A_530,A_531,A_532,A_533,A_534,A_535,A_536,A_537,A_539,A_540,A_541,A_542,A_543,A_544,A_545,A_546,A_547,A_548,A_549,A_550,A_551,A_552,A_553,A_554,A_555,A_556,A_557,A_558,A_559,A_560,A_561,A_562,A_563,A_564,A_566,A_567,A_568,A_569,A_570,A_571,A_572,A_573,A_574,A_575,A_576,A_577,A_578,A_579,A_580,A_581,A_582,A_584,A_585,A_586,A_587,A_588,A_589,A_591,A_592,A_593,A_594,A_595,A_596,A_597,A_598,A_599,A_600,A_601,A_602,A_603,A_604,A_605,A_606,A_607,A_608,A_609,A_610,A_611,A_613,A_614,A_615,A_616,A_617,A_618,A_619,A_620,A_621,A_622,A_623,A_624,A_625,A_626,A_627,A_628,A_629,A_630,A_631,A_632,A_633,A_634,A_635,A_636,A_637,A_638,A_639,A_640,A_641,A_642,A_643,A_644,A_645,A_646,A_647,A_648,A_649,A_650,A_651,A_652,A_653,A_654,A_655,A_656,A_657,A_658,A_659,A_660,A_661,A_662,A_663,A_664,A_665,A_666,A_667,A_668,A_669,A_670,A_671,A_672,A_673,A_674,A_675,A_676,A_678,A_679,A_680,A_681,A_682,A_683,A_684,A_685,A_686,A_687,A_689,A_690,A_691,A_692,A_693,A_694,A_695,A_697,A_698,A_699,A_700,A_701,A_702,A_703,A_704,A_705,A_706,A_707,A_708,A_709,A_710,A_711,A_712,A_713,A_714,A_715,A_716,A_717,A_718,A_719,A_720,A_721,A_722,A_723,A_724,A_725,A_726,A_727,A_728,A_730,A_731,A_732,A_735,A_736,A_739,A_740,A_741,A_742,A_743,A_744,A_745,A_746,A_747,A_748,A_749,A_750,A_751,A_752,A_753,A_754,A_755,A_756,A_757,A_758,A_759,A_760,A_761,A_762,A_763,A_764,A_765,A_766,A_767,A_768,A_769,A_770,A_771,A_772,A_773,A_774,A_775,A_776,A_777,A_778,A_779,A_781,A_782,A_783,A_784,A_785,A_786,A_787,A_788,A_789,A_790,A_791,A_792,A_794,A_795,A_796,A_797,A_798,A_799,A_800,A_801,A_802,A_803,A_804,A_805]
[INFO] Protein - structure atoms: 7902
[INFO] Protein - protein   atoms: 6401
[INFO] Protein - ignoring ligands
[INFO] FeatureSetup - enabledFeatures: [chem, volsite, protrusion, bfactor, atom_table]
[INFO] Protein - SAS points: 13421
[INFO] Protein - exposed protein atoms: 4101 of 6401
[INFO] InstancePredictor - Creating WekaInstancePredictor
[INFO] SLinkClusterer - clustering [410] elements
[INFO] SLinkClusterer - clusters: [id:4( 2 ), id:6( 2 ), id:7( 1 ), id:8( 1 ), id:19( 1 ), id:20( 1 ), id:29( 1 ), id:32( 1 ), id:57( 73 ), id:61( 1 ), id:68( 23 ), id:69( 1 ), id:70( 1 ), id:72( 2 ), id:86( 1 ), id:92( 2 ), id:95( 3 ), id:97( 2 ), id:121( 191 ), id:131( 4 ), id:136( 1 ), id:139( 3 ), id:196( 3 ), id:201( 1 ), id:210( 1 ), id:259( 6 ), id:281( 1 ), id:282( 1 ), id:284( 5 ), id:293( 11 ), id:344( 3 ), id:345( 3 ), id:351( 27 ), id:353( 1 ), id:357( 1 ), id:359( 2 ), id:360( 5 ), id:369( 1 ), id:382( 1 ), id:398( 3 ), id:400( 2 ), id:402( 1 ), id:406( 10 ), id:408( 2 ), id:409( 1 )]
[INFO] SLinkClusterer - clusters together: 410 / 410
[INFO] PocketPredictor - PREDICTING POCKETS.... ====================================
[INFO] PocketPredictor - SAS POINTS: 13421
[INFO] PocketPredictor - LIGANDABLE POINTS: 410
[INFO] PocketPredictor - CLUSTERS: 45
[INFO] PocketPredictor - FILTERED CLUSTERS: 16
[INFO] PocketPredictor - pocket 1 -  surf_atoms: 167   points: 191   score:   73.7
[INFO] PocketPredictor - pocket 2 -  surf_atoms: 119   points:  73   score:   28.5
[INFO] PocketPredictor - pocket 3 -  surf_atoms:  44   points:  27   score:   10.5
[INFO] PocketPredictor - pocket 4 -  surf_atoms:  28   points:  23   score:    7.8
[INFO] PocketPredictor - pocket 5 -  surf_atoms:  18   points:  10   score:    4.0
[INFO] PocketPredictor - pocket 6 -  surf_atoms:  16   points:  11   score:    3.3
[INFO] PocketPredictor - pocket 7 -  surf_atoms:  15   points:   6   score:    2.2
[INFO] PocketPredictor - pocket 8 -  surf_atoms:  17   points:   3   score:    2.1
[INFO] PocketPredictor - pocket 9 -  surf_atoms:  10   points:   5   score:    1.9
[INFO] PocketPredictor - pocket10 -  surf_atoms:  16   points:   3   score:    1.5
[INFO] PocketPredictor - pocket11 -  surf_atoms:  11   points:   3   score:    1.5
[INFO] PocketPredictor - pocket12 -  surf_atoms:  13   points:   5   score:    1.5
[INFO] PocketPredictor - pocket13 -  surf_atoms:  19   points:   3   score:    1.3
[INFO] PocketPredictor - pocket14 -  surf_atoms:  12   points:   3   score:    1.3
[INFO] PocketPredictor - pocket15 -  surf_atoms:   9   points:   4   score:    1.1
[INFO] PocketPredictor - pocket16 -  surf_atoms:  10   points:   3   score:    0.9
[INFO] OldPymolRenderer - copying [/mnt/d/salidock/backend/Database/0757ef25-307f-4f4f-900b-ea20fe91eabf/protein_for_cavity_detection.pdb] to [/mnt/d/salidock/backend/Database/0757ef25-307f-4f4f-900b-ea20fe91eabf/visualizations/data/protein_for_cavity_detection.pdb]
[INFO] Console - predicting pockets finished in 0 hours 0 minutes 11.021 seconds
[INFO] Console - results saved to directory [/mnt/d/salidock/backend/Database/0757ef25-307f-4f4f-900b-ea20fe91eabf]
[INFO] Console - 
[INFO] Console - Finished successfully in 0 hours 0 minutes 12.515 seconds.
