AutoDock Vina v1.2.5
#################################################################
# If you used AutoDock Vina in your work, please cite:          #
#                                                               #
# J. Eberhardt, D. Santos-Martins, A. F. Tillack, and S. Forli  #
# AutoDock Vina 1.2.0: New Docking Methods, Expanded Force      #
# Field, and Python Bindings, J. Chem. Inf. Model. (2021)       #
# DOI 10.1021/acs.jcim.1c00203                                  #
#                                                               #
# O. Trott, A. J. Olson,                                        #
# AutoDock Vina: improving the speed and accuracy of docking    #
# with a new scoring function, efficient optimization and       #
# multithreading, J. Comp. Chem. (2010)                         #
# DOI 10.1002/jcc.21334                                         #
#                                                               #
# Please see https://github.com/ccsb-scripps/AutoDock-Vina for  #
# more information.                                             #
#################################################################

Scoring function : vina
Rigid receptor: /mnt/d/salidock/backend/Database/4312b0ca-14d5-4337-8fdc-059f08608a73/protein_prepared.pdbqt
Ligand: /mnt/d/salidock/backend/Database/4312b0ca-14d5-4337-8fdc-059f08608a73/ligand_prepared.pdbqt
Grid center: X -19.72 Y -12.057 Z 31.651
Grid size  : X 27.968 Y 23.896 Z 21.025
Grid space : 0.375
Exhaustiveness: 10
CPU: 0
Verbosity: 1

Computing Vina grid ... done.
WARNING: At low exhaustiveness, it may be impossible to utilize all CPUs.
Performing docking (random seed: 1500875077) ... 
0%   10   20   30   40   50   60   70   80   90   100%
|----|----|----|----|----|----|----|----|----|----|
***************************************************

mode |   affinity | dist from best mode
     | (kcal/mol) | rmsd l.b.| rmsd u.b.
-----+------------+----------+----------
   1       -4.309          0          0
   2       -4.295      8.231       11.2
   3       -4.255      1.527      3.616
   4       -4.131      9.123      11.47
   5       -4.102      8.796      10.35
   6       -3.894      2.677      4.714
   7       -3.861      1.751      4.501
   8       -3.799      1.777      4.082
   9       -3.706      9.502      10.92
