AutoDock Vina v1.2.5
#################################################################
# If you used AutoDock Vina in your work, please cite:          #
#                                                               #
# J. Eberhardt, D. Santos-Martins, A. F. Tillack, and S. Forli  #
# AutoDock Vina 1.2.0: New Docking Methods, Expanded Force      #
# Field, and Python Bindings, J. Chem. Inf. Model. (2021)       #
# DOI 10.1021/acs.jcim.1c00203                                  #
#                                                               #
# O. Trott, A. J. Olson,                                        #
# AutoDock Vina: improving the speed and accuracy of docking    #
# with a new scoring function, efficient optimization and       #
# multithreading, J. Comp. Chem. (2010)                         #
# DOI 10.1002/jcc.21334                                         #
#                                                               #
# Please see https://github.com/ccsb-scripps/AutoDock-Vina for  #
# more information.                                             #
#################################################################

Scoring function : vina
Rigid receptor: /mnt/d/salidock/backend/Database/ea1545e6-55c9-479c-a833-e8359c40401e/protein_prepared.pdbqt
Ligand: /mnt/d/salidock/backend/Database/ea1545e6-55c9-479c-a833-e8359c40401e/ligand_prepared.pdbqt
Grid center: X -39.163 Y 5.231 Z 57.374
Grid size  : X 24.211 Y 25.033 Z 25.052
Grid space : 0.375
Exhaustiveness: 10
CPU: 0
Verbosity: 1

Computing Vina grid ... done.
WARNING: At low exhaustiveness, it may be impossible to utilize all CPUs.
Performing docking (random seed: -1747591552) ... 
0%   10   20   30   40   50   60   70   80   90   100%
|----|----|----|----|----|----|----|----|----|----|
***************************************************

mode |   affinity | dist from best mode
     | (kcal/mol) | rmsd l.b.| rmsd u.b.
-----+------------+----------+----------
   1       -5.875          0          0
   2       -5.645      1.363      2.614
   3       -5.215      2.538      5.455
   4        -5.11       2.61      5.448
   5       -5.011      9.441      10.63
   6       -4.976      10.23      11.31
   7       -4.962      3.789      4.988
   8       -4.885      11.26      12.71
   9       -4.859      10.32      12.11
