[INFO] Console - predicting pockets for proteins from dataset [protein_for_cavity_detection.pdb]
[INFO] PredictPocketsRoutine - outdir: /mnt/d/salidock/backend/Database/ea1545e6-55c9-479c-a833-e8359c40401e
[INFO] FeatureSetup - enabledFeatures: [chem, volsite, protrusion, bfactor, atom_table]
[INFO] Dataset - processing dataset [protein_for_cavity_detection.pdb] using 0 threads
[INFO] Dataset - 
------------------------------------------------------------------------------------------------------------------------
processing [protein_for_cavity_detection.pdb] (1/1)
------------------------------------------------------------------------------------------------------------------------

[INFO] Console - processing [protein_for_cavity_detection.pdb] (1/1)
[INFO] Protein - loading protein [/mnt/d/salidock/backend/Database/ea1545e6-55c9-479c-a833-e8359c40401e/protein_for_cavity_detection.pdb]
[INFO] PdbUtils - loading file [/mnt/d/salidock/backend/Database/ea1545e6-55c9-479c-a833-e8359c40401e/protein_for_cavity_detection.pdb]
[INFO] Struct - all groups in chain A: 599
[INFO] Struct - all groups in chain A: 599
[INFO] Struct - 599 groups in chain A
[WARN] Residues - Multiple residues with same label! [A_1,A_2,A_3,A_4,A_5,A_6,A_7,A_8,A_10,A_11,A_12,A_13,A_14,A_15,A_16,A_17,A_18,A_19,A_20,A_21,A_22,A_23,A_24,A_25,A_26,A_27,A_28,A_29,A_30,A_31,A_32,A_33,A_34,A_35,A_36,A_37,A_38,A_40,A_41,A_42,A_43,A_44,A_45,A_46,A_47,A_48,A_49,A_50,A_51,A_53,A_54,A_55,A_56,A_57,A_58,A_59,A_60,A_61,A_62,A_63,A_64,A_65,A_66,A_67,A_68,A_69,A_70,A_71,A_72,A_73,A_74,A_75,A_76,A_77,A_78,A_79,A_80,A_81,A_82,A_83,A_84,A_85,A_86,A_87,A_88,A_89,A_90,A_91,A_92,A_93,A_94,A_95,A_97,A_98,A_100,A_101,A_102,A_103,A_104,A_105,A_106,A_107,A_109,A_110,A_111,A_112,A_113,A_114,A_115,A_116,A_117,A_118,A_119,A_120,A_121,A_123,A_124,A_125,A_126,A_127,A_128,A_129,A_130,A_131,A_133,A_134,A_135,A_136,A_137,A_138,A_139,A_140,A_141,A_142,A_143,A_144,A_145,A_146,A_147,A_148,A_149,A_150,A_151,A_152,A_153,A_154,A_155,A_156,A_157,A_158,A_159,A_160,A_161,A_162,A_163,A_164,A_165,A_166,A_167,A_169,A_170,A_171,A_172,A_173,A_174,A_175,A_176,A_177,A_178,A_179,A_180,A_181,A_182,A_183,A_185,A_186,A_187,A_188,A_189,A_190,A_191,A_192,A_193,A_194,A_195,A_196,A_197,A_198,A_199,A_200,A_201,A_202,A_203,A_204,A_205,A_206,A_207,A_208,A_209,A_210,A_211,A_212,A_213,A_214,A_215,A_216,A_217,A_218,A_219,A_220,A_221,A_222,A_223,A_224,A_225,A_226,A_227,A_228,A_229,A_230,A_231,A_232,A_233,A_234,A_235,A_236,A_237,A_238,A_239,A_240,A_242,A_243,A_244,A_245,A_246,A_247,A_248,A_249,A_250,A_251,A_253,A_254,A_255,A_256,A_257,A_258,A_259,A_260,A_261,A_262,A_263,A_264,A_265,A_266,A_267,A_268,A_269,A_270,A_271,A_272,A_273,A_274,A_275,A_276,A_277,A_278,A_279,A_280,A_281,A_282,A_283,A_284,A_285,A_286,A_287,A_288,A_289,A_290,A_291,A_292,A_294,A_295,A_296,A_297,A_298,A_299,A_300,A_301,A_302,A_303,A_304,A_305,A_306]
[INFO] Protein - structure atoms: 2889
[INFO] Protein - protein   atoms: 2332
[INFO] Protein - ignoring ligands
[INFO] FeatureSetup - enabledFeatures: [chem, volsite, protrusion, bfactor, atom_table]
[INFO] Protein - SAS points: 4450
[INFO] Protein - exposed protein atoms: 1476 of 2332
[INFO] InstancePredictor - Creating WekaInstancePredictor
[INFO] SLinkClusterer - clustering [85] elements
[INFO] SLinkClusterer - clusters: [id:11( 1 ), id:23( 10 ), id:26( 2 ), id:53( 14 ), id:56( 33 ), id:62( 1 ), id:74( 17 ), id:76( 1 ), id:77( 1 ), id:79( 3 ), id:80( 2 )]
[INFO] SLinkClusterer - clusters together: 85 / 85
[INFO] PocketPredictor - PREDICTING POCKETS.... ====================================
[INFO] PocketPredictor - SAS POINTS: 4450
[INFO] PocketPredictor - LIGANDABLE POINTS: 85
[INFO] PocketPredictor - CLUSTERS: 11
[INFO] PocketPredictor - FILTERED CLUSTERS: 5
[INFO] PocketPredictor - pocket 1 -  surf_atoms:  48   points:  33   score:   16.4
[INFO] PocketPredictor - pocket 2 -  surf_atoms:  25   points:  17   score:    6.2
[INFO] PocketPredictor - pocket 3 -  surf_atoms:  23   points:  14   score:    5.4
[INFO] PocketPredictor - pocket 4 -  surf_atoms:  18   points:  10   score:    2.7
[INFO] PocketPredictor - pocket 5 -  surf_atoms:   9   points:   3   score:    1.8
[INFO] OldPymolRenderer - copying [/mnt/d/salidock/backend/Database/ea1545e6-55c9-479c-a833-e8359c40401e/protein_for_cavity_detection.pdb] to [/mnt/d/salidock/backend/Database/ea1545e6-55c9-479c-a833-e8359c40401e/visualizations/data/protein_for_cavity_detection.pdb]
[INFO] Console - predicting pockets finished in 0 hours 0 minutes 18.917 seconds
[INFO] Console - results saved to directory [/mnt/d/salidock/backend/Database/ea1545e6-55c9-479c-a833-e8359c40401e]
[INFO] Console - 
[INFO] Console - Finished successfully in 0 hours 0 minutes 20.466 seconds.
